# JRE version: OpenJDK Runtime Environment (17.0+35) (build 17+35-LTS)
# Java VM: OpenJDK 64-Bit Server VM (17+35-LTS, mixed mode, sharing, tiered, compressed oops, compressed class ptrs, g1 gc, bsd-aarch64)
GC Precious Log:
 CPUs: 8 total, 8 available
 Memory: 16384M
 Large Page Support: Disabled
 NUMA Support: Disabled
 Compressed Oops: Enabled (Zero based)
 Heap Region Size: 2M
 Heap Min Capacity: 8M
 Heap Initial Capacity: 256M
 Heap Max Capacity: 4G
 Pre-touch: Disabled
 Parallel Workers: 8
 Concurrent Workers: 2
 Concurrent Refinement Workers: 8
 Periodic GC: Disabled
Heap:
 garbage-first heap   total 550912K, used 181511K [0x0000000700000000, 0x0000000800000000)
  region size 2048K, 8 young (16384K), 1 survivors (2048K)
 Metaspace       used 17921K, committed 18240K, reserved 1073152K
  class space    used 2333K, committed 2496K, reserved 1048576K
GC Heap History (20 events):
Event: 0.739 GC heap before
{Heap before GC invocations=1 (full 0):
 garbage-first heap   total 266240K, used 146309K [0x0000000700000000, 0x0000000800000000)
  region size 2048K, 22 young (45056K), 2 survivors (4096K)
 Metaspace       used 12281K, committed 12480K, reserved 1064960K
  class space    used 1528K, committed 1600K, reserved 1048576K
}
Event: 0.741 GC heap after
{Heap after GC invocations=2 (full 0):
 garbage-first heap   total 266240K, used 105545K [0x0000000700000000, 0x0000000800000000)
  region size 2048K, 1 young (2048K), 1 survivors (2048K)
 Metaspace       used 12281K, committed 12480K, reserved 1064960K
  class space    used 1528K, committed 1600K, reserved 1048576K
}
Event: 0.781 GC heap before
{Heap before GC invocations=2 (full 0):
 garbage-first heap   total 266240K, used 111689K [0x0000000700000000, 0x0000000800000000)
  region size 2048K, 5 young (10240K), 1 survivors (2048K)
 Metaspace       used 12282K, committed 12480K, reserved 1064960K
  class space    used 1528K, committed 1600K, reserved 1048576K
}
Event: 0.782 GC heap after
{Heap after GC invocations=3 (full 0):
 garbage-first heap   total 266240K, used 56108K [0x0000000700000000, 0x0000000800000000)
  region size 2048K, 1 young (2048K), 1 survivors (2048K)
 Metaspace       used 12282K, committed 12480K, reserved 1064960K
  class space    used 1528K, committed 1600K, reserved 1048576K
}
Event: 0.877 GC heap before
{Heap before GC invocations=3 (full 0):
 garbage-first heap   total 266240K, used 117548K [0x0000000700000000, 0x0000000800000000)
  region size 2048K, 8 young (16384K), 1 survivors (2048K)
 Metaspace       used 12283K, committed 12480K, reserved 1064960K
  class space    used 1528K, committed 1600K, reserved 1048576K
}
Event: 0.877 GC heap after
{Heap after GC invocations=4 (full 0):
 garbage-first heap   total 266240K, used 105217K [0x0000000700000000, 0x0000000800000000)
  region size 2048K, 1 young (2048K), 1 survivors (2048K)
 Metaspace       used 12283K, committed 12480K, reserved 1064960K
  class space    used 1528K, committed 1600K, reserved 1048576K
}
Event: 0.878 GC heap before
{Heap before GC invocations=4 (full 0):
 garbage-first heap   total 266240K, used 117505K [0x0000000700000000, 0x0000000800000000)
  region size 2048K, 2 young (4096K), 1 survivors (2048K)
 Metaspace       used 12283K, committed 12480K, reserved 1064960K
  class space    used 1528K, committed 1600K, reserved 1048576K
}
Event: 0.879 GC heap after
{Heap after GC invocations=5 (full 0):
 garbage-first heap   total 266240K, used 80635K [0x0000000700000000, 0x0000000800000000)
  region size 2048K, 1 young (2048K), 1 survivors (2048K)
 Metaspace       used 12283K, committed 12480K, reserved 1064960K
  class space    used 1528K, committed 1600K, reserved 1048576K
}
Event: 0.888 GC heap before
{Heap before GC invocations=5 (full 0):
 garbage-first heap   total 266240K, used 105211K [0x0000000700000000, 0x0000000800000000)
  region size 2048K, 2 young (4096K), 1 survivors (2048K)
 Metaspace       used 12285K, committed 12480K, reserved 1064960K
  class space    used 1528K, committed 1600K, reserved 1048576K
}
Event: 0.889 GC heap after
{Heap after GC invocations=6 (full 0):
 garbage-first heap   total 266240K, used 105252K [0x0000000700000000, 0x0000000800000000)
  region size 2048K, 1 young (2048K), 1 survivors (2048K)
 Metaspace       used 12285K, committed 12480K, reserved 1064960K
  class space    used 1528K, committed 1600K, reserved 1048576K
}
Event: 0.959 GC heap before
{Heap before GC invocations=6 (full 0):
 garbage-first heap   total 266240K, used 131876K [0x0000000700000000, 0x0000000800000000)
  region size 2048K, 9 young (18432K), 1 survivors (2048K)
 Metaspace       used 12286K, committed 12480K, reserved 1064960K
  class space    used 1528K, committed 1600K, reserved 1048576K
}
Event: 0.960 GC heap after
{Heap after GC invocations=7 (full 0):
 garbage-first heap   total 266240K, used 80653K [0x0000000700000000, 0x0000000800000000)
  region size 2048K, 1 young (2048K), 1 survivors (2048K)
 Metaspace       used 12286K, committed 12480K, reserved 1064960K
  class space    used 1528K, committed 1600K, reserved 1048576K
}
Event: 0.965 GC heap before
{Heap before GC invocations=7 (full 0):
 garbage-first heap   total 266240K, used 105229K [0x0000000700000000, 0x0000000800000000)
  region size 2048K, 2 young (4096K), 1 survivors (2048K)
 Metaspace       used 12286K, committed 12480K, reserved 1064960K
  class space    used 1528K, committed 1600K, reserved 1048576K
}
Event: 0.966 GC heap after
{Heap after GC invocations=8 (full 0):
 garbage-first heap   total 266240K, used 105208K [0x0000000700000000, 0x0000000800000000)
  region size 2048K, 1 young (2048K), 1 survivors (2048K)
 Metaspace       used 12286K, committed 12480K, reserved 1064960K
  class space    used 1528K, committed 1600K, reserved 1048576K
}
Event: 0.969 GC heap before
{Heap before GC invocations=8 (full 0):
 garbage-first heap   total 266240K, used 117496K [0x0000000700000000, 0x0000000800000000)
  region size 2048K, 2 young (4096K), 1 survivors (2048K)
 Metaspace       used 12289K, committed 12480K, reserved 1064960K
  class space    used 1528K, committed 1600K, reserved 1048576K
}
Event: 0.970 GC heap after
{Heap after GC invocations=9 (full 0):
 garbage-first heap   total 550912K, used 105257K [0x0000000700000000, 0x0000000800000000)
  region size 2048K, 1 young (2048K), 1 survivors (2048K)
 Metaspace       used 12289K, committed 12480K, reserved 1064960K
  class space    used 1528K, committed 1600K, reserved 1048576K
}
Event: 1.337 GC heap before
{Heap before GC invocations=9 (full 0):
 garbage-first heap   total 550912K, used 299817K [0x0000000700000000, 0x0000000800000000)
  region size 2048K, 31 young (63488K), 1 survivors (2048K)
 Metaspace       used 12502K, committed 12800K, reserved 1064960K
  class space    used 1542K, committed 1664K, reserved 1048576K
}
Event: 1.338 GC heap after
{Heap after GC invocations=10 (full 0):
 garbage-first heap   total 550912K, used 216313K [0x0000000700000000, 0x0000000800000000)
  region size 2048K, 1 young (2048K), 1 survivors (2048K)
 Metaspace       used 12502K, committed 12800K, reserved 1064960K
  class space    used 1542K, committed 1664K, reserved 1048576K
}
Event: 1.344 GC heap before
{Heap before GC invocations=10 (full 0):
 garbage-first heap   total 550912K, used 240889K [0x0000000700000000, 0x0000000800000000)
  region size 2048K, 2 young (4096K), 1 survivors (2048K)
 Metaspace       used 12502K, committed 12800K, reserved 1064960K
  class space    used 1542K, committed 1664K, reserved 1048576K
}
Event: 1.344 GC heap after
{Heap after GC invocations=11 (full 0):
 garbage-first heap   total 550912K, used 154887K [0x0000000700000000, 0x0000000800000000)
  region size 2048K, 1 young (2048K), 1 survivors (2048K)
 Metaspace       used 12502K, committed 12800K, reserved 1064960K
  class space    used 1542K, committed 1664K, reserved 1048576K
}

