# JRE version: OpenJDK Runtime Environment (17.0+35) (build 17+35-LTS)
# Java VM: OpenJDK 64-Bit Server VM (17+35-LTS, mixed mode, sharing, tiered, compressed oops, compressed class ptrs, g1 gc, bsd-aarch64)
GC Precious Log:
 CPUs: 8 total, 8 available
 Memory: 16384M
 Large Page Support: Disabled
 NUMA Support: Disabled
 Compressed Oops: Enabled (Zero based)
 Heap Region Size: 2M
 Heap Min Capacity: 8M
 Heap Initial Capacity: 256M
 Heap Max Capacity: 4G
 Pre-touch: Disabled
 Parallel Workers: 8
 Concurrent Workers: 2
 Concurrent Refinement Workers: 8
 Periodic GC: Disabled
Heap:
 garbage-first heap   total 649216K, used 300304K [0x0000000700000000, 0x0000000800000000)
  region size 2048K, 30 young (61440K), 1 survivors (2048K)
 Metaspace       used 17928K, committed 18240K, reserved 1073152K
  class space    used 2332K, committed 2496K, reserved 1048576K
GC Heap History (20 events):
Event: 0.626 GC heap before
{Heap before GC invocations=0 (full 0):
 garbage-first heap   total 266240K, used 24592K [0x0000000700000000, 0x0000000800000000)
  region size 2048K, 11 young (22528K), 0 survivors (0K)
 Metaspace       used 9883K, committed 10112K, reserved 1064960K
  class space    used 1278K, committed 1344K, reserved 1048576K
}
Event: 0.628 GC heap after
{Heap after GC invocations=1 (full 0):
 garbage-first heap   total 266240K, used 6960K [0x0000000700000000, 0x0000000800000000)
  region size 2048K, 2 young (4096K), 2 survivors (4096K)
 Metaspace       used 9883K, committed 10112K, reserved 1064960K
  class space    used 1278K, committed 1344K, reserved 1048576K
}
Event: 0.993 GC heap before
{Heap before GC invocations=1 (full 0):
 garbage-first heap   total 266240K, used 140080K [0x0000000700000000, 0x0000000800000000)
  region size 2048K, 19 young (38912K), 2 survivors (4096K)
 Metaspace       used 12309K, committed 12480K, reserved 1064960K
  class space    used 1529K, committed 1600K, reserved 1048576K
}
Event: 0.995 GC heap after
{Heap after GC invocations=2 (full 0):
 garbage-first heap   total 266240K, used 105542K [0x0000000700000000, 0x0000000800000000)
  region size 2048K, 1 young (2048K), 1 survivors (2048K)
 Metaspace       used 12309K, committed 12480K, reserved 1064960K
  class space    used 1529K, committed 1600K, reserved 1048576K
}
Event: 1.075 GC heap before
{Heap before GC invocations=2 (full 0):
 garbage-first heap   total 266240K, used 119878K [0x0000000700000000, 0x0000000800000000)
  region size 2048K, 9 young (18432K), 1 survivors (2048K)
 Metaspace       used 12309K, committed 12480K, reserved 1064960K
  class space    used 1529K, committed 1600K, reserved 1048576K
}
Event: 1.076 GC heap after
{Heap after GC invocations=3 (full 0):
 garbage-first heap   total 266240K, used 56142K [0x0000000700000000, 0x0000000800000000)
  region size 2048K, 1 young (2048K), 1 survivors (2048K)
 Metaspace       used 12309K, committed 12480K, reserved 1064960K
  class space    used 1529K, committed 1600K, reserved 1048576K
}
Event: 1.170 GC heap before
{Heap before GC invocations=3 (full 0):
 garbage-first heap   total 266240K, used 119630K [0x0000000700000000, 0x0000000800000000)
  region size 2048K, 9 young (18432K), 1 survivors (2048K)
 Metaspace       used 12352K, committed 12544K, reserved 1064960K
  class space    used 1533K, committed 1664K, reserved 1048576K
}
Event: 1.171 GC heap after
{Heap after GC invocations=4 (full 0):
 garbage-first heap   total 266240K, used 105455K [0x0000000700000000, 0x0000000800000000)
  region size 2048K, 1 young (2048K), 1 survivors (2048K)
 Metaspace       used 12352K, committed 12544K, reserved 1064960K
  class space    used 1533K, committed 1664K, reserved 1048576K
}
Event: 1.172 GC heap before
{Heap before GC invocations=4 (full 0):
 garbage-first heap   total 266240K, used 117743K [0x0000000700000000, 0x0000000800000000)
  region size 2048K, 2 young (4096K), 1 survivors (2048K)
 Metaspace       used 12371K, committed 12608K, reserved 1064960K
  class space    used 1535K, committed 1664K, reserved 1048576K
}
Event: 1.173 GC heap after
{Heap after GC invocations=5 (full 0):
 garbage-first heap   total 266240K, used 80882K [0x0000000700000000, 0x0000000800000000)
  region size 2048K, 1 young (2048K), 1 survivors (2048K)
 Metaspace       used 12371K, committed 12608K, reserved 1064960K
  class space    used 1535K, committed 1664K, reserved 1048576K
}
Event: 1.183 GC heap before
{Heap before GC invocations=5 (full 0):
 garbage-first heap   total 266240K, used 105458K [0x0000000700000000, 0x0000000800000000)
  region size 2048K, 2 young (4096K), 1 survivors (2048K)
 Metaspace       used 12508K, committed 12736K, reserved 1064960K
  class space    used 1542K, committed 1664K, reserved 1048576K
}
Event: 1.184 GC heap after
{Heap after GC invocations=6 (full 0):
 garbage-first heap   total 266240K, used 105719K [0x0000000700000000, 0x0000000800000000)
  region size 2048K, 1 young (2048K), 1 survivors (2048K)
 Metaspace       used 12508K, committed 12736K, reserved 1064960K
  class space    used 1542K, committed 1664K, reserved 1048576K
}
Event: 1.256 GC heap before
{Heap before GC invocations=6 (full 0):
 garbage-first heap   total 266240K, used 132343K [0x0000000700000000, 0x0000000800000000)
  region size 2048K, 9 young (18432K), 1 survivors (2048K)
 Metaspace       used 12514K, committed 12736K, reserved 1064960K
  class space    used 1542K, committed 1664K, reserved 1048576K
}
Event: 1.257 GC heap after
{Heap after GC invocations=7 (full 0):
 garbage-first heap   total 266240K, used 81133K [0x0000000700000000, 0x0000000800000000)
  region size 2048K, 1 young (2048K), 1 survivors (2048K)
 Metaspace       used 12514K, committed 12736K, reserved 1064960K
  class space    used 1542K, committed 1664K, reserved 1048576K
}
Event: 1.263 GC heap before
{Heap before GC invocations=7 (full 0):
 garbage-first heap   total 266240K, used 105709K [0x0000000700000000, 0x0000000800000000)
  region size 2048K, 2 young (4096K), 1 survivors (2048K)
 Metaspace       used 12514K, committed 12736K, reserved 1064960K
  class space    used 1542K, committed 1664K, reserved 1048576K
}
Event: 1.263 GC heap after
{Heap after GC invocations=8 (full 0):
 garbage-first heap   total 266240K, used 105722K [0x0000000700000000, 0x0000000800000000)
  region size 2048K, 1 young (2048K), 1 survivors (2048K)
 Metaspace       used 12514K, committed 12736K, reserved 1064960K
  class space    used 1542K, committed 1664K, reserved 1048576K
}
Event: 1.266 GC heap before
{Heap before GC invocations=8 (full 0):
 garbage-first heap   total 266240K, used 118010K [0x0000000700000000, 0x0000000800000000)
  region size 2048K, 2 young (4096K), 1 survivors (2048K)
 Metaspace       used 12516K, committed 12736K, reserved 1064960K
  class space    used 1542K, committed 1664K, reserved 1048576K
}
Event: 1.267 GC heap after
{Heap after GC invocations=9 (full 0):
 garbage-first heap   total 266240K, used 105767K [0x0000000700000000, 0x0000000800000000)
  region size 2048K, 1 young (2048K), 1 survivors (2048K)
 Metaspace       used 12516K, committed 12736K, reserved 1064960K
  class space    used 1542K, committed 1664K, reserved 1048576K
}
Event: 1.359 GC heap before
{Heap before GC invocations=9 (full 0):
 garbage-first heap   total 266240K, used 132391K [0x0000000700000000, 0x0000000800000000)
  region size 2048K, 9 young (18432K), 1 survivors (2048K)
 Metaspace       used 12517K, committed 12736K, reserved 1064960K
  class space    used 1542K, committed 1664K, reserved 1048576K
}
Event: 1.360 GC heap after
{Heap after GC invocations=10 (full 0):
 garbage-first heap   total 649216K, used 93456K [0x0000000700000000, 0x0000000800000000)
  region size 2048K, 1 young (2048K), 1 survivors (2048K)
 Metaspace       used 12517K, committed 12736K, reserved 1064960K
  class space    used 1542K, committed 1664K, reserved 1048576K
}

